
*** Running vivado
    with args -log chronometer.vds -m64 -product Vivado -mode batch -messageDb vivado.pb -notrace -source chronometer.tcl


****** Vivado v2019.1.1 (64-bit)
  **** SW Build 2580384 on Sat Jun 29 08:12:21 MDT 2019
  **** IP Build 2579722 on Sat Jun 29 11:35:40 MDT 2019
    ** Copyright 1986-2019 Xilinx, Inc. All Rights Reserved.

source chronometer.tcl -notrace
Command: synth_design -top chronometer -part xc7a100tcsg324-1
Starting synth_design
Attempting to get a license for feature 'Synthesis' and/or device 'xc7a100t'
INFO: [Common 17-349] Got license for feature 'Synthesis' and/or device 'xc7a100t'
INFO: [Device 21-403] Loading part xc7a100tcsg324-1
INFO: Launching helper process for spawning children vivado processes
INFO: Helper process launched with PID 400 
---------------------------------------------------------------------------------
Starting RTL Elaboration : Time (s): cpu = 00:00:04 ; elapsed = 00:00:05 . Memory (MB): peak = 829.453 ; gain = 177.473
---------------------------------------------------------------------------------
INFO: [Synth 8-638] synthesizing module 'chronometer' [C:/Users/yakuza/Desktop/projetosCI/vivadoProjects/chronometer/chronometer.srcs/sources_1/new/chronometer.vhd:58]
INFO: [Synth 8-256] done synthesizing module 'chronometer' (1#1) [C:/Users/yakuza/Desktop/projetosCI/vivadoProjects/chronometer/chronometer.srcs/sources_1/new/chronometer.vhd:58]
---------------------------------------------------------------------------------
Finished RTL Elaboration : Time (s): cpu = 00:00:06 ; elapsed = 00:00:08 . Memory (MB): peak = 893.090 ; gain = 241.109
---------------------------------------------------------------------------------

Report Check Netlist: 
+------+------------------+-------+---------+-------+------------------+
|      |Item              |Errors |Warnings |Status |Description       |
+------+------------------+-------+---------+-------+------------------+
|1     |multi_driven_nets |      0|        0|Passed |Multi driven nets |
+------+------------------+-------+---------+-------+------------------+
---------------------------------------------------------------------------------
Start Handling Custom Attributes
---------------------------------------------------------------------------------
---------------------------------------------------------------------------------
Finished Handling Custom Attributes : Time (s): cpu = 00:00:07 ; elapsed = 00:00:09 . Memory (MB): peak = 893.090 ; gain = 241.109
---------------------------------------------------------------------------------
---------------------------------------------------------------------------------
Finished RTL Optimization Phase 1 : Time (s): cpu = 00:00:07 ; elapsed = 00:00:09 . Memory (MB): peak = 893.090 ; gain = 241.109
---------------------------------------------------------------------------------
INFO: [Project 1-570] Preparing netlist for logic optimization

Processing XDC Constraints
Initializing timing engine
Parsing XDC File [C:/Users/yakuza/Desktop/projetosCI/vivadoProjects/chronometer/chronometer.srcs/constrs_1/new/chronometer.xdc]
Finished Parsing XDC File [C:/Users/yakuza/Desktop/projetosCI/vivadoProjects/chronometer/chronometer.srcs/constrs_1/new/chronometer.xdc]
INFO: [Project 1-236] Implementation specific constraints were found while reading constraint file [C:/Users/yakuza/Desktop/projetosCI/vivadoProjects/chronometer/chronometer.srcs/constrs_1/new/chronometer.xdc]. These constraints will be ignored for synthesis but will be used in implementation. Impacted constraints are listed in the file [.Xil/chronometer_propImpl.xdc].
Resolution: To avoid this warning, move constraints listed in [.Xil/chronometer_propImpl.xdc] to another XDC file and exclude this new file from synthesis with the used_in_synthesis property (File Properties dialog in GUI) and re-run elaboration/synthesis.
Completed Processing XDC Constraints

Netlist sorting complete. Time (s): cpu = 00:00:00 ; elapsed = 00:00:00 . Memory (MB): peak = 1014.543 ; gain = 0.000
INFO: [Project 1-111] Unisim Transformation Summary:
No Unisim elements were transformed.

Constraint Validation Runtime : Time (s): cpu = 00:00:00 ; elapsed = 00:00:00.004 . Memory (MB): peak = 1014.543 ; gain = 0.000
---------------------------------------------------------------------------------
Finished Constraint Validation : Time (s): cpu = 00:00:17 ; elapsed = 00:00:20 . Memory (MB): peak = 1014.543 ; gain = 362.563
---------------------------------------------------------------------------------
---------------------------------------------------------------------------------
Start Loading Part and Timing Information
---------------------------------------------------------------------------------
Loading part: xc7a100tcsg324-1
---------------------------------------------------------------------------------
Finished Loading Part and Timing Information : Time (s): cpu = 00:00:17 ; elapsed = 00:00:20 . Memory (MB): peak = 1014.543 ; gain = 362.563
---------------------------------------------------------------------------------
---------------------------------------------------------------------------------
Start Applying 'set_property' XDC Constraints
---------------------------------------------------------------------------------
---------------------------------------------------------------------------------
Finished applying 'set_property' XDC Constraints : Time (s): cpu = 00:00:17 ; elapsed = 00:00:20 . Memory (MB): peak = 1014.543 ; gain = 362.563
---------------------------------------------------------------------------------
WARNING: [Synth 8-327] inferring latch for variable 'state_reg' [C:/Users/yakuza/Desktop/projetosCI/vivadoProjects/chronometer/chronometer.srcs/sources_1/new/chronometer.vhd:78]
---------------------------------------------------------------------------------
Finished RTL Optimization Phase 2 : Time (s): cpu = 00:00:17 ; elapsed = 00:00:21 . Memory (MB): peak = 1014.543 ; gain = 362.563
---------------------------------------------------------------------------------

Report RTL Partitions: 
+-+--------------+------------+----------+
| |RTL Partition |Replication |Instances |
+-+--------------+------------+----------+
+-+--------------+------------+----------+
---------------------------------------------------------------------------------
Start RTL Component Statistics 
---------------------------------------------------------------------------------
Detailed RTL Component Info : 
+---Adders : 
	   2 Input     17 Bit       Adders := 1     
	   2 Input      7 Bit       Adders := 1     
	   2 Input      4 Bit       Adders := 8     
+---Registers : 
	                7 Bit    Registers := 1     
	                4 Bit    Registers := 8     
+---Muxes : 
	   7 Input      8 Bit        Muxes := 1     
	   3 Input      8 Bit        Muxes := 2     
	   2 Input      8 Bit        Muxes := 1     
	   2 Input      4 Bit        Muxes := 7     
	   2 Input      2 Bit        Muxes := 1     
	   3 Input      2 Bit        Muxes := 1     
	   2 Input      1 Bit        Muxes := 4     
---------------------------------------------------------------------------------
Finished RTL Component Statistics 
---------------------------------------------------------------------------------
---------------------------------------------------------------------------------
Start RTL Hierarchical Component Statistics 
---------------------------------------------------------------------------------
Hierarchical RTL Component report 
Module chronometer 
Detailed RTL Component Info : 
+---Adders : 
	   2 Input     17 Bit       Adders := 1     
	   2 Input      7 Bit       Adders := 1     
	   2 Input      4 Bit       Adders := 8     
+---Registers : 
	                7 Bit    Registers := 1     
	                4 Bit    Registers := 8     
+---Muxes : 
	   7 Input      8 Bit        Muxes := 1     
	   3 Input      8 Bit        Muxes := 2     
	   2 Input      8 Bit        Muxes := 1     
	   2 Input      4 Bit        Muxes := 7     
	   2 Input      2 Bit        Muxes := 1     
	   3 Input      2 Bit        Muxes := 1     
	   2 Input      1 Bit        Muxes := 4     
---------------------------------------------------------------------------------
Finished RTL Hierarchical Component Statistics
---------------------------------------------------------------------------------
---------------------------------------------------------------------------------
Start Part Resource Summary
---------------------------------------------------------------------------------
Part Resources:
DSPs: 240 (col length:80)
BRAMs: 270 (col length: RAMB18 80 RAMB36 40)
---------------------------------------------------------------------------------
Finished Part Resource Summary
---------------------------------------------------------------------------------
---------------------------------------------------------------------------------
Start Cross Boundary and Area Optimization
---------------------------------------------------------------------------------
Warning: Parallel synthesis criteria is not met 
INFO: [Synth 8-3333] propagating constant 0 across sequential element (plusOp_inferred__3/\show_ms_reg[1] )
INFO: [Synth 8-3333] propagating constant 0 across sequential element (plusOp_inferred__2/\show_s_reg[1] )
INFO: [Synth 8-3333] propagating constant 0 across sequential element (plusOp_inferred__1/\show_ds_reg[1] )
INFO: [Synth 8-3333] propagating constant 0 across sequential element (plusOp_inferred__3/\show_ms_reg[0] )
INFO: [Synth 8-3333] propagating constant 0 across sequential element (plusOp_inferred__2/\show_s_reg[0] )
INFO: [Synth 8-3333] propagating constant 0 across sequential element (plusOp_inferred__1/\show_ds_reg[0] )
INFO: [Synth 8-3333] propagating constant 0 across sequential element (plusOp_inferred__2/\show_s_reg[2] )
INFO: [Synth 8-3333] propagating constant 0 across sequential element (plusOp_inferred__1/\show_ds_reg[2] )
INFO: [Synth 8-3333] propagating constant 0 across sequential element (plusOp_inferred__1/\show_ds_reg[3] )
INFO: [Synth 8-3333] propagating constant 0 across sequential element (plusOp_inferred/\show_dm_reg[1] )
INFO: [Synth 8-3333] propagating constant 0 across sequential element (plusOp_inferred__6/\show_h_reg[1] )
INFO: [Synth 8-3333] propagating constant 0 across sequential element (plusOp_inferred__7/\show_dh_reg[1] )
INFO: [Synth 8-3333] propagating constant 0 across sequential element (plusOp_inferred/\show_dm_reg[0] )
INFO: [Synth 8-3333] propagating constant 0 across sequential element (plusOp_inferred__6/\show_h_reg[0] )
INFO: [Synth 8-3333] propagating constant 0 across sequential element (plusOp_inferred__7/\show_dh_reg[0] )
INFO: [Synth 8-3333] propagating constant 0 across sequential element (plusOp_inferred__6/\show_h_reg[2] )
INFO: [Synth 8-3333] propagating constant 0 across sequential element (plusOp_inferred__7/\show_dh_reg[2] )
INFO: [Synth 8-3333] propagating constant 0 across sequential element (plusOp_inferred__7/\show_dh_reg[3] )
CRITICAL WARNING: [Synth 8-6859] multi-driven net on pin Q with 1st driver pin 's_anode_reg[5]/Q' [C:/Users/yakuza/Desktop/projetosCI/vivadoProjects/chronometer/chronometer.srcs/sources_1/new/chronometer.vhd:115]
CRITICAL WARNING: [Synth 8-6859] multi-driven net on pin Q with 2nd driver pin 'VCC' [C:/Users/yakuza/Desktop/projetosCI/vivadoProjects/chronometer/chronometer.srcs/sources_1/new/chronometer.vhd:115]
CRITICAL WARNING: [Synth 8-6858] multi-driven net Q is connected to at least one constant driver which has been preserved, other driver is ignored [C:/Users/yakuza/Desktop/projetosCI/vivadoProjects/chronometer/chronometer.srcs/sources_1/new/chronometer.vhd:115]
CRITICAL WARNING: [Synth 8-6859] multi-driven net on pin Q with 1st driver pin 's_anode_reg[4]/Q' [C:/Users/yakuza/Desktop/projetosCI/vivadoProjects/chronometer/chronometer.srcs/sources_1/new/chronometer.vhd:115]
CRITICAL WARNING: [Synth 8-6859] multi-driven net on pin Q with 2nd driver pin 'VCC' [C:/Users/yakuza/Desktop/projetosCI/vivadoProjects/chronometer/chronometer.srcs/sources_1/new/chronometer.vhd:115]
CRITICAL WARNING: [Synth 8-6858] multi-driven net Q is connected to at least one constant driver which has been preserved, other driver is ignored [C:/Users/yakuza/Desktop/projetosCI/vivadoProjects/chronometer/chronometer.srcs/sources_1/new/chronometer.vhd:115]
CRITICAL WARNING: [Synth 8-6859] multi-driven net on pin Q with 1st driver pin 's_anode_reg[3]/Q' [C:/Users/yakuza/Desktop/projetosCI/vivadoProjects/chronometer/chronometer.srcs/sources_1/new/chronometer.vhd:115]
CRITICAL WARNING: [Synth 8-6859] multi-driven net on pin Q with 2nd driver pin 'VCC' [C:/Users/yakuza/Desktop/projetosCI/vivadoProjects/chronometer/chronometer.srcs/sources_1/new/chronometer.vhd:115]
CRITICAL WARNING: [Synth 8-6858] multi-driven net Q is connected to at least one constant driver which has been preserved, other driver is ignored [C:/Users/yakuza/Desktop/projetosCI/vivadoProjects/chronometer/chronometer.srcs/sources_1/new/chronometer.vhd:115]
CRITICAL WARNING: [Synth 8-6859] multi-driven net on pin Q with 1st driver pin 's_anode_reg[2]/Q' [C:/Users/yakuza/Desktop/projetosCI/vivadoProjects/chronometer/chronometer.srcs/sources_1/new/chronometer.vhd:115]
CRITICAL WARNING: [Synth 8-6859] multi-driven net on pin Q with 2nd driver pin 'VCC' [C:/Users/yakuza/Desktop/projetosCI/vivadoProjects/chronometer/chronometer.srcs/sources_1/new/chronometer.vhd:115]
CRITICAL WARNING: [Synth 8-6858] multi-driven net Q is connected to at least one constant driver which has been preserved, other driver is ignored [C:/Users/yakuza/Desktop/projetosCI/vivadoProjects/chronometer/chronometer.srcs/sources_1/new/chronometer.vhd:115]
CRITICAL WARNING: [Synth 8-6859] multi-driven net on pin Q with 1st driver pin 's_anode_reg[1]/Q' [C:/Users/yakuza/Desktop/projetosCI/vivadoProjects/chronometer/chronometer.srcs/sources_1/new/chronometer.vhd:115]
CRITICAL WARNING: [Synth 8-6859] multi-driven net on pin Q with 2nd driver pin 'VCC' [C:/Users/yakuza/Desktop/projetosCI/vivadoProjects/chronometer/chronometer.srcs/sources_1/new/chronometer.vhd:115]
CRITICAL WARNING: [Synth 8-6858] multi-driven net Q is connected to at least one constant driver which has been preserved, other driver is ignored [C:/Users/yakuza/Desktop/projetosCI/vivadoProjects/chronometer/chronometer.srcs/sources_1/new/chronometer.vhd:115]
CRITICAL WARNING: [Synth 8-6859] multi-driven net on pin Q with 1st driver pin 's_anode_reg[0]/Q' [C:/Users/yakuza/Desktop/projetosCI/vivadoProjects/chronometer/chronometer.srcs/sources_1/new/chronometer.vhd:115]
CRITICAL WARNING: [Synth 8-6859] multi-driven net on pin Q with 2nd driver pin 'GND' [C:/Users/yakuza/Desktop/projetosCI/vivadoProjects/chronometer/chronometer.srcs/sources_1/new/chronometer.vhd:115]
CRITICAL WARNING: [Synth 8-6858] multi-driven net Q is connected to at least one constant driver which has been preserved, other driver is ignored [C:/Users/yakuza/Desktop/projetosCI/vivadoProjects/chronometer/chronometer.srcs/sources_1/new/chronometer.vhd:115]
CRITICAL WARNING: [Synth 8-6859] multi-driven net on pin Q with 1st driver pin 'cont_reg[16]/Q' [C:/Users/yakuza/Desktop/projetosCI/vivadoProjects/chronometer/chronometer.srcs/sources_1/new/chronometer.vhd:105]
CRITICAL WARNING: [Synth 8-6859] multi-driven net on pin Q with 2nd driver pin 'GND' [C:/Users/yakuza/Desktop/projetosCI/vivadoProjects/chronometer/chronometer.srcs/sources_1/new/chronometer.vhd:105]
CRITICAL WARNING: [Synth 8-6858] multi-driven net Q is connected to at least one constant driver which has been preserved, other driver is ignored [C:/Users/yakuza/Desktop/projetosCI/vivadoProjects/chronometer/chronometer.srcs/sources_1/new/chronometer.vhd:105]
CRITICAL WARNING: [Synth 8-6859] multi-driven net on pin Q with 1st driver pin 'cont_reg[15]/Q' [C:/Users/yakuza/Desktop/projetosCI/vivadoProjects/chronometer/chronometer.srcs/sources_1/new/chronometer.vhd:105]
CRITICAL WARNING: [Synth 8-6859] multi-driven net on pin Q with 2nd driver pin 'GND' [C:/Users/yakuza/Desktop/projetosCI/vivadoProjects/chronometer/chronometer.srcs/sources_1/new/chronometer.vhd:105]
CRITICAL WARNING: [Synth 8-6858] multi-driven net Q is connected to at least one constant driver which has been preserved, other driver is ignored [C:/Users/yakuza/Desktop/projetosCI/vivadoProjects/chronometer/chronometer.srcs/sources_1/new/chronometer.vhd:105]
CRITICAL WARNING: [Synth 8-6859] multi-driven net on pin Q with 1st driver pin 'cont_reg[14]/Q' [C:/Users/yakuza/Desktop/projetosCI/vivadoProjects/chronometer/chronometer.srcs/sources_1/new/chronometer.vhd:105]
CRITICAL WARNING: [Synth 8-6859] multi-driven net on pin Q with 2nd driver pin 'GND' [C:/Users/yakuza/Desktop/projetosCI/vivadoProjects/chronometer/chronometer.srcs/sources_1/new/chronometer.vhd:105]
CRITICAL WARNING: [Synth 8-6858] multi-driven net Q is connected to at least one constant driver which has been preserved, other driver is ignored [C:/Users/yakuza/Desktop/projetosCI/vivadoProjects/chronometer/chronometer.srcs/sources_1/new/chronometer.vhd:105]
CRITICAL WARNING: [Synth 8-6859] multi-driven net on pin Q with 1st driver pin 'cont_reg[13]/Q' [C:/Users/yakuza/Desktop/projetosCI/vivadoProjects/chronometer/chronometer.srcs/sources_1/new/chronometer.vhd:105]
CRITICAL WARNING: [Synth 8-6859] multi-driven net on pin Q with 2nd driver pin 'GND' [C:/Users/yakuza/Desktop/projetosCI/vivadoProjects/chronometer/chronometer.srcs/sources_1/new/chronometer.vhd:105]
CRITICAL WARNING: [Synth 8-6858] multi-driven net Q is connected to at least one constant driver which has been preserved, other driver is ignored [C:/Users/yakuza/Desktop/projetosCI/vivadoProjects/chronometer/chronometer.srcs/sources_1/new/chronometer.vhd:105]
CRITICAL WARNING: [Synth 8-6859] multi-driven net on pin Q with 1st driver pin 'cont_reg[12]/Q' [C:/Users/yakuza/Desktop/projetosCI/vivadoProjects/chronometer/chronometer.srcs/sources_1/new/chronometer.vhd:105]
CRITICAL WARNING: [Synth 8-6859] multi-driven net on pin Q with 2nd driver pin 'GND' [C:/Users/yakuza/Desktop/projetosCI/vivadoProjects/chronometer/chronometer.srcs/sources_1/new/chronometer.vhd:105]
CRITICAL WARNING: [Synth 8-6858] multi-driven net Q is connected to at least one constant driver which has been preserved, other driver is ignored [C:/Users/yakuza/Desktop/projetosCI/vivadoProjects/chronometer/chronometer.srcs/sources_1/new/chronometer.vhd:105]
CRITICAL WARNING: [Synth 8-6859] multi-driven net on pin Q with 1st driver pin 'cont_reg[11]/Q' [C:/Users/yakuza/Desktop/projetosCI/vivadoProjects/chronometer/chronometer.srcs/sources_1/new/chronometer.vhd:105]
CRITICAL WARNING: [Synth 8-6859] multi-driven net on pin Q with 2nd driver pin 'GND' [C:/Users/yakuza/Desktop/projetosCI/vivadoProjects/chronometer/chronometer.srcs/sources_1/new/chronometer.vhd:105]
CRITICAL WARNING: [Synth 8-6858] multi-driven net Q is connected to at least one constant driver which has been preserved, other driver is ignored [C:/Users/yakuza/Desktop/projetosCI/vivadoProjects/chronometer/chronometer.srcs/sources_1/new/chronometer.vhd:105]
CRITICAL WARNING: [Synth 8-6859] multi-driven net on pin Q with 1st driver pin 'cont_reg[10]/Q' [C:/Users/yakuza/Desktop/projetosCI/vivadoProjects/chronometer/chronometer.srcs/sources_1/new/chronometer.vhd:105]
CRITICAL WARNING: [Synth 8-6859] multi-driven net on pin Q with 2nd driver pin 'GND' [C:/Users/yakuza/Desktop/projetosCI/vivadoProjects/chronometer/chronometer.srcs/sources_1/new/chronometer.vhd:105]
CRITICAL WARNING: [Synth 8-6858] multi-driven net Q is connected to at least one constant driver which has been preserved, other driver is ignored [C:/Users/yakuza/Desktop/projetosCI/vivadoProjects/chronometer/chronometer.srcs/sources_1/new/chronometer.vhd:105]
CRITICAL WARNING: [Synth 8-6859] multi-driven net on pin Q with 1st driver pin 'cont_reg[9]/Q' [C:/Users/yakuza/Desktop/projetosCI/vivadoProjects/chronometer/chronometer.srcs/sources_1/new/chronometer.vhd:105]
CRITICAL WARNING: [Synth 8-6859] multi-driven net on pin Q with 2nd driver pin 'GND' [C:/Users/yakuza/Desktop/projetosCI/vivadoProjects/chronometer/chronometer.srcs/sources_1/new/chronometer.vhd:105]
CRITICAL WARNING: [Synth 8-6858] multi-driven net Q is connected to at least one constant driver which has been preserved, other driver is ignored [C:/Users/yakuza/Desktop/projetosCI/vivadoProjects/chronometer/chronometer.srcs/sources_1/new/chronometer.vhd:105]
CRITICAL WARNING: [Synth 8-6859] multi-driven net on pin Q with 1st driver pin 'cont_reg[8]/Q' [C:/Users/yakuza/Desktop/projetosCI/vivadoProjects/chronometer/chronometer.srcs/sources_1/new/chronometer.vhd:105]
CRITICAL WARNING: [Synth 8-6859] multi-driven net on pin Q with 2nd driver pin 'GND' [C:/Users/yakuza/Desktop/projetosCI/vivadoProjects/chronometer/chronometer.srcs/sources_1/new/chronometer.vhd:105]
CRITICAL WARNING: [Synth 8-6858] multi-driven net Q is connected to at least one constant driver which has been preserved, other driver is ignored [C:/Users/yakuza/Desktop/projetosCI/vivadoProjects/chronometer/chronometer.srcs/sources_1/new/chronometer.vhd:105]
CRITICAL WARNING: [Synth 8-6859] multi-driven net on pin Q with 1st driver pin 'cont_reg[7]/Q' [C:/Users/yakuza/Desktop/projetosCI/vivadoProjects/chronometer/chronometer.srcs/sources_1/new/chronometer.vhd:105]
CRITICAL WARNING: [Synth 8-6859] multi-driven net on pin Q with 2nd driver pin 'GND' [C:/Users/yakuza/Desktop/projetosCI/vivadoProjects/chronometer/chronometer.srcs/sources_1/new/chronometer.vhd:105]
CRITICAL WARNING: [Synth 8-6858] multi-driven net Q is connected to at least one constant driver which has been preserved, other driver is ignored [C:/Users/yakuza/Desktop/projetosCI/vivadoProjects/chronometer/chronometer.srcs/sources_1/new/chronometer.vhd:105]
CRITICAL WARNING: [Synth 8-6859] multi-driven net on pin Q with 1st driver pin 'cont_reg[6]/Q' [C:/Users/yakuza/Desktop/projetosCI/vivadoProjects/chronometer/chronometer.srcs/sources_1/new/chronometer.vhd:105]
CRITICAL WARNING: [Synth 8-6859] multi-driven net on pin Q with 2nd driver pin 'GND' [C:/Users/yakuza/Desktop/projetosCI/vivadoProjects/chronometer/chronometer.srcs/sources_1/new/chronometer.vhd:105]
CRITICAL WARNING: [Synth 8-6858] multi-driven net Q is connected to at least one constant driver which has been preserved, other driver is ignored [C:/Users/yakuza/Desktop/projetosCI/vivadoProjects/chronometer/chronometer.srcs/sources_1/new/chronometer.vhd:105]
CRITICAL WARNING: [Synth 8-6859] multi-driven net on pin Q with 1st driver pin 'cont_reg[5]/Q' [C:/Users/yakuza/Desktop/projetosCI/vivadoProjects/chronometer/chronometer.srcs/sources_1/new/chronometer.vhd:105]
CRITICAL WARNING: [Synth 8-6859] multi-driven net on pin Q with 2nd driver pin 'GND' [C:/Users/yakuza/Desktop/projetosCI/vivadoProjects/chronometer/chronometer.srcs/sources_1/new/chronometer.vhd:105]
CRITICAL WARNING: [Synth 8-6858] multi-driven net Q is connected to at least one constant driver which has been preserved, other driver is ignored [C:/Users/yakuza/Desktop/projetosCI/vivadoProjects/chronometer/chronometer.srcs/sources_1/new/chronometer.vhd:105]
CRITICAL WARNING: [Synth 8-6859] multi-driven net on pin Q with 1st driver pin 'cont_reg[4]/Q' [C:/Users/yakuza/Desktop/projetosCI/vivadoProjects/chronometer/chronometer.srcs/sources_1/new/chronometer.vhd:105]
CRITICAL WARNING: [Synth 8-6859] multi-driven net on pin Q with 2nd driver pin 'GND' [C:/Users/yakuza/Desktop/projetosCI/vivadoProjects/chronometer/chronometer.srcs/sources_1/new/chronometer.vhd:105]
CRITICAL WARNING: [Synth 8-6858] multi-driven net Q is connected to at least one constant driver which has been preserved, other driver is ignored [C:/Users/yakuza/Desktop/projetosCI/vivadoProjects/chronometer/chronometer.srcs/sources_1/new/chronometer.vhd:105]
CRITICAL WARNING: [Synth 8-6859] multi-driven net on pin Q with 1st driver pin 'cont_reg[3]/Q' [C:/Users/yakuza/Desktop/projetosCI/vivadoProjects/chronometer/chronometer.srcs/sources_1/new/chronometer.vhd:105]
CRITICAL WARNING: [Synth 8-6859] multi-driven net on pin Q with 2nd driver pin 'GND' [C:/Users/yakuza/Desktop/projetosCI/vivadoProjects/chronometer/chronometer.srcs/sources_1/new/chronometer.vhd:105]
CRITICAL WARNING: [Synth 8-6858] multi-driven net Q is connected to at least one constant driver which has been preserved, other driver is ignored [C:/Users/yakuza/Desktop/projetosCI/vivadoProjects/chronometer/chronometer.srcs/sources_1/new/chronometer.vhd:105]
CRITICAL WARNING: [Synth 8-6859] multi-driven net on pin Q with 1st driver pin 'cont_reg[2]/Q' [C:/Users/yakuza/Desktop/projetosCI/vivadoProjects/chronometer/chronometer.srcs/sources_1/new/chronometer.vhd:105]
CRITICAL WARNING: [Synth 8-6859] multi-driven net on pin Q with 2nd driver pin 'GND' [C:/Users/yakuza/Desktop/projetosCI/vivadoProjects/chronometer/chronometer.srcs/sources_1/new/chronometer.vhd:105]
CRITICAL WARNING: [Synth 8-6858] multi-driven net Q is connected to at least one constant driver which has been preserved, other driver is ignored [C:/Users/yakuza/Desktop/projetosCI/vivadoProjects/chronometer/chronometer.srcs/sources_1/new/chronometer.vhd:105]
CRITICAL WARNING: [Synth 8-6859] multi-driven net on pin Q with 1st driver pin 'cont_reg[1]/Q' [C:/Users/yakuza/Desktop/projetosCI/vivadoProjects/chronometer/chronometer.srcs/sources_1/new/chronometer.vhd:105]
CRITICAL WARNING: [Synth 8-6859] multi-driven net on pin Q with 2nd driver pin 'GND' [C:/Users/yakuza/Desktop/projetosCI/vivadoProjects/chronometer/chronometer.srcs/sources_1/new/chronometer.vhd:105]
CRITICAL WARNING: [Synth 8-6858] multi-driven net Q is connected to at least one constant driver which has been preserved, other driver is ignored [C:/Users/yakuza/Desktop/projetosCI/vivadoProjects/chronometer/chronometer.srcs/sources_1/new/chronometer.vhd:105]
CRITICAL WARNING: [Synth 8-6859] multi-driven net on pin Q with 1st driver pin 'cont_reg[0]/Q' [C:/Users/yakuza/Desktop/projetosCI/vivadoProjects/chronometer/chronometer.srcs/sources_1/new/chronometer.vhd:105]
CRITICAL WARNING: [Synth 8-6859] multi-driven net on pin Q with 2nd driver pin 'GND' [C:/Users/yakuza/Desktop/projetosCI/vivadoProjects/chronometer/chronometer.srcs/sources_1/new/chronometer.vhd:105]
CRITICAL WARNING: [Synth 8-6858] multi-driven net Q is connected to at least one constant driver which has been preserved, other driver is ignored [C:/Users/yakuza/Desktop/projetosCI/vivadoProjects/chronometer/chronometer.srcs/sources_1/new/chronometer.vhd:105]
CRITICAL WARNING: [Synth 8-6859] multi-driven net on pin Q with 1st driver pin 's_anode_reg[6]/Q' [C:/Users/yakuza/Desktop/projetosCI/vivadoProjects/chronometer/chronometer.srcs/sources_1/new/chronometer.vhd:115]
CRITICAL WARNING: [Synth 8-6859] multi-driven net on pin Q with 2nd driver pin 'VCC' [C:/Users/yakuza/Desktop/projetosCI/vivadoProjects/chronometer/chronometer.srcs/sources_1/new/chronometer.vhd:115]
CRITICAL WARNING: [Synth 8-6858] multi-driven net Q is connected to at least one constant driver which has been preserved, other driver is ignored [C:/Users/yakuza/Desktop/projetosCI/vivadoProjects/chronometer/chronometer.srcs/sources_1/new/chronometer.vhd:115]
---------------------------------------------------------------------------------
Finished Cross Boundary and Area Optimization : Time (s): cpu = 00:00:19 ; elapsed = 00:00:23 . Memory (MB): peak = 1014.543 ; gain = 362.563
---------------------------------------------------------------------------------

Report RTL Partitions: 
+-+--------------+------------+----------+
| |RTL Partition |Replication |Instances |
+-+--------------+------------+----------+
+-+--------------+------------+----------+
---------------------------------------------------------------------------------
Start Applying XDC Timing Constraints
---------------------------------------------------------------------------------
---------------------------------------------------------------------------------
Finished Applying XDC Timing Constraints : Time (s): cpu = 00:00:29 ; elapsed = 00:00:33 . Memory (MB): peak = 1014.543 ; gain = 362.563
---------------------------------------------------------------------------------
---------------------------------------------------------------------------------
Start Timing Optimization
---------------------------------------------------------------------------------
---------------------------------------------------------------------------------
Finished Timing Optimization : Time (s): cpu = 00:00:29 ; elapsed = 00:00:33 . Memory (MB): peak = 1014.543 ; gain = 362.563
---------------------------------------------------------------------------------

Report RTL Partitions: 
+-+--------------+------------+----------+
| |RTL Partition |Replication |Instances |
+-+--------------+------------+----------+
+-+--------------+------------+----------+
---------------------------------------------------------------------------------
Start Technology Mapping
---------------------------------------------------------------------------------
---------------------------------------------------------------------------------
Finished Technology Mapping : Time (s): cpu = 00:00:29 ; elapsed = 00:00:33 . Memory (MB): peak = 1014.543 ; gain = 362.563
---------------------------------------------------------------------------------

Report RTL Partitions: 
+-+--------------+------------+----------+
| |RTL Partition |Replication |Instances |
+-+--------------+------------+----------+
+-+--------------+------------+----------+
---------------------------------------------------------------------------------
Start IO Insertion
---------------------------------------------------------------------------------
---------------------------------------------------------------------------------
Start Flattening Before IO Insertion
---------------------------------------------------------------------------------
---------------------------------------------------------------------------------
Finished Flattening Before IO Insertion
---------------------------------------------------------------------------------
---------------------------------------------------------------------------------
Start Final Netlist Cleanup
---------------------------------------------------------------------------------
---------------------------------------------------------------------------------
Finished Final Netlist Cleanup
---------------------------------------------------------------------------------
---------------------------------------------------------------------------------
Finished IO Insertion : Time (s): cpu = 00:00:32 ; elapsed = 00:00:36 . Memory (MB): peak = 1015.945 ; gain = 363.965
---------------------------------------------------------------------------------
CRITICAL WARNING: [Synth 8-6859] multi-driven net on pin anode_OBUF[7] with 1st driver pin 's_anode_reg[7]/Q' [C:/Users/yakuza/Desktop/projetosCI/vivadoProjects/chronometer/chronometer.srcs/sources_1/new/chronometer.vhd:115]
CRITICAL WARNING: [Synth 8-6859] multi-driven net on pin anode_OBUF[7] with 2nd driver pin 's_anode_reg[7]__0/Q' [C:/Users/yakuza/Desktop/projetosCI/vivadoProjects/chronometer/chronometer.srcs/sources_1/new/chronometer.vhd:82]

Report Check Netlist: 
+------+------------------+-------+---------+-------+------------------+
|      |Item              |Errors |Warnings |Status |Description       |
+------+------------------+-------+---------+-------+------------------+
|1     |multi_driven_nets |      0|        1|Failed |Multi driven nets |
+------+------------------+-------+---------+-------+------------------+
---------------------------------------------------------------------------------
Start Renaming Generated Instances
---------------------------------------------------------------------------------
---------------------------------------------------------------------------------
Finished Renaming Generated Instances : Time (s): cpu = 00:00:32 ; elapsed = 00:00:36 . Memory (MB): peak = 1015.945 ; gain = 363.965
---------------------------------------------------------------------------------

Report RTL Partitions: 
+-+--------------+------------+----------+
| |RTL Partition |Replication |Instances |
+-+--------------+------------+----------+
+-+--------------+------------+----------+
---------------------------------------------------------------------------------
Start Rebuilding User Hierarchy
---------------------------------------------------------------------------------
---------------------------------------------------------------------------------
Finished Rebuilding User Hierarchy : Time (s): cpu = 00:00:32 ; elapsed = 00:00:36 . Memory (MB): peak = 1015.945 ; gain = 363.965
---------------------------------------------------------------------------------
---------------------------------------------------------------------------------
Start Renaming Generated Ports
---------------------------------------------------------------------------------
---------------------------------------------------------------------------------
Finished Renaming Generated Ports : Time (s): cpu = 00:00:32 ; elapsed = 00:00:36 . Memory (MB): peak = 1015.945 ; gain = 363.965
---------------------------------------------------------------------------------
---------------------------------------------------------------------------------
Start Handling Custom Attributes
---------------------------------------------------------------------------------
---------------------------------------------------------------------------------
Finished Handling Custom Attributes : Time (s): cpu = 00:00:32 ; elapsed = 00:00:36 . Memory (MB): peak = 1015.945 ; gain = 363.965
---------------------------------------------------------------------------------
---------------------------------------------------------------------------------
Start Renaming Generated Nets
---------------------------------------------------------------------------------
---------------------------------------------------------------------------------
Finished Renaming Generated Nets : Time (s): cpu = 00:00:32 ; elapsed = 00:00:37 . Memory (MB): peak = 1015.945 ; gain = 363.965
---------------------------------------------------------------------------------
---------------------------------------------------------------------------------
Start Writing Synthesis Report
---------------------------------------------------------------------------------

Report BlackBoxes: 
+-+--------------+----------+
| |BlackBox name |Instances |
+-+--------------+----------+
+-+--------------+----------+

Report Cell Usage: 
+------+-----+------+
|      |Cell |Count |
+------+-----+------+
|1     |BUFG |     1|
|2     |LUT2 |     1|
|3     |LUT3 |     2|
|4     |LUT4 |     1|
|5     |FDRE |     2|
|6     |LD   |     2|
|7     |IBUF |     4|
|8     |OBUF |    16|
+------+-----+------+

Report Instance Areas: 
+------+---------+-------+------+
|      |Instance |Module |Cells |
+------+---------+-------+------+
|1     |top      |       |    29|
+------+---------+-------+------+
---------------------------------------------------------------------------------
Finished Writing Synthesis Report : Time (s): cpu = 00:00:32 ; elapsed = 00:00:37 . Memory (MB): peak = 1015.945 ; gain = 363.965
---------------------------------------------------------------------------------
Synthesis finished with 0 errors, 74 critical warnings and 1 warnings.
Synthesis Optimization Runtime : Time (s): cpu = 00:00:23 ; elapsed = 00:00:33 . Memory (MB): peak = 1015.945 ; gain = 242.512
Synthesis Optimization Complete : Time (s): cpu = 00:00:33 ; elapsed = 00:00:37 . Memory (MB): peak = 1015.945 ; gain = 363.965
INFO: [Project 1-571] Translating synthesized netlist
INFO: [Netlist 29-17] Analyzing 2 Unisim elements for replacement
INFO: [Netlist 29-28] Unisim Transformation completed in 0 CPU seconds
INFO: [Project 1-570] Preparing netlist for logic optimization
INFO: [Opt 31-138] Pushed 0 inverter(s) to 0 load pin(s).
Netlist sorting complete. Time (s): cpu = 00:00:00 ; elapsed = 00:00:00 . Memory (MB): peak = 1034.480 ; gain = 0.000
INFO: [Project 1-111] Unisim Transformation Summary:
  A total of 2 instances were transformed.
  LD => LDCE: 2 instances

INFO: [Common 17-83] Releasing license: Synthesis
32 Infos, 1 Warnings, 74 Critical Warnings and 0 Errors encountered.
synth_design completed successfully
synth_design: Time (s): cpu = 00:00:41 ; elapsed = 00:00:47 . Memory (MB): peak = 1034.480 ; gain = 658.582
Netlist sorting complete. Time (s): cpu = 00:00:00 ; elapsed = 00:00:00 . Memory (MB): peak = 1034.480 ; gain = 0.000
WARNING: [Constraints 18-5210] No constraints selected for write.
Resolution: This message can indicate that there are no constraints for the design, or it can indicate that the used_in flags are set such that the constraints are ignored. This later case is used when running synth_design to not write synthesis constraints to the resulting checkpoint. Instead, project constraints are read when the synthesized design is opened.
INFO: [Common 17-1381] The checkpoint 'C:/Users/yakuza/Desktop/projetosCI/vivadoProjects/chronometer/chronometer.runs/synth_1/chronometer.dcp' has been generated.
INFO: [runtcl-4] Executing : report_utilization -file chronometer_utilization_synth.rpt -pb chronometer_utilization_synth.pb
INFO: [Common 17-206] Exiting Vivado at Sat Aug 31 23:48:07 2019...
