
*** Running vivado
    with args -log chronometer.vdi -applog -m64 -product Vivado -messageDb vivado.pb -mode batch -source chronometer.tcl -notrace


****** Vivado v2019.1.1 (64-bit)
  **** SW Build 2580384 on Sat Jun 29 08:12:21 MDT 2019
  **** IP Build 2579722 on Sat Jun 29 11:35:40 MDT 2019
    ** Copyright 1986-2019 Xilinx, Inc. All Rights Reserved.

source chronometer.tcl -notrace
Command: link_design -top chronometer -part xc7a100tcsg324-1
Design is defaulting to srcset: sources_1
Design is defaulting to constrset: constrs_1
INFO: [Device 21-403] Loading part xc7a100tcsg324-1
INFO: [Project 1-479] Netlist was created with Vivado 2019.1.1
INFO: [Project 1-570] Preparing netlist for logic optimization
Parsing XDC File [C:/Users/yakuza/Desktop/projetosCI/vivadoProjects/chronometer/chronometer.srcs/constrs_1/new/chronometer.xdc]
Finished Parsing XDC File [C:/Users/yakuza/Desktop/projetosCI/vivadoProjects/chronometer/chronometer.srcs/constrs_1/new/chronometer.xdc]
INFO: [Opt 31-138] Pushed 0 inverter(s) to 0 load pin(s).
Netlist sorting complete. Time (s): cpu = 00:00:00 ; elapsed = 00:00:00 . Memory (MB): peak = 777.484 ; gain = 0.000
INFO: [Project 1-111] Unisim Transformation Summary:
No Unisim elements were transformed.

5 Infos, 0 Warnings, 0 Critical Warnings and 0 Errors encountered.
link_design completed successfully
link_design: Time (s): cpu = 00:00:12 ; elapsed = 00:00:15 . Memory (MB): peak = 782.492 ; gain = 401.559
Command: opt_design
Attempting to get a license for feature 'Implementation' and/or device 'xc7a100t'
INFO: [Common 17-349] Got license for feature 'Implementation' and/or device 'xc7a100t'
Running DRC as a precondition to command opt_design

Starting DRC Task
INFO: [DRC 23-27] Running DRC with 2 threads
ERROR: [DRC MDRV-1] Multiple Driver Nets: Net anode_OBUF[7] has multiple drivers: s_anode_reg[7]__0/Q, and s_anode_reg[7]/Q.
INFO: [Project 1-461] DRC finished with 1 Errors
INFO: [Project 1-462] Please refer to the DRC report (report_drc) for more information.
ERROR: [Vivado_Tcl 4-78] Error(s) found during DRC. Opt_design not run.

Time (s): cpu = 00:00:02 ; elapsed = 00:00:00.874 . Memory (MB): peak = 801.430 ; gain = 18.938
INFO: [Common 17-83] Releasing license: Implementation
10 Infos, 0 Warnings, 0 Critical Warnings and 2 Errors encountered.
opt_design failed
ERROR: [Common 17-39] 'opt_design' failed due to earlier errors.

INFO: [Common 17-206] Exiting Vivado at Sat Aug 31 23:48:43 2019...
